<?xml version="1.0" encoding="UTF-8"?>
<!-- Generated by org.testng.reporters.JUnitReportReporter -->
<testsuite hostname="DESKTOP-TQ9MDSJ" failures="0" tests="1" name="POMProjBase.OrganizationPOM" time="38.710" errors="0" timestamp="2023-11-22T10:18:30 IST" skipped="0">
  <testcase classname="POMProjBase.OrganizationPOM" name="login" time="38.710">
    <system-out>
      <![CDATA[Clicking menu & selecting organization for POM
Entering the organization name
Assigining to the group
Saving the organization details]]>
    </system-out>
  </testcase> <!-- login -->
  <system-out>
    <![CDATA[--Connect to the database--
Clicking menu & selecting organization for POM
Entering the organization name
Assigining to the group
Saving the organization details
--Disconnect the database--]]>
  </system-out>
</testsuite> <!-- POMProjBase.OrganizationPOM -->
