<?xml version="1.0" encoding="UTF-8"?>
<!-- Generated by org.testng.reporters.JUnitReportReporter -->
<testsuite hostname="DESKTOP-TQ9MDSJ" failures="0" tests="1" name="Practice.BMAMAnnotation" time="5.842" errors="0" timestamp="2023-11-21T09:54:16 IST" skipped="0">
  <testcase classname="Practice.BMAMAnnotation" name="vtiger" time="5.842"/>
  <system-out>
    <![CDATA[--Connect to the database--
--Launch the browser--
--Login to the applicaation
--Logout the application
--Close the browser--
Disconnect to the database]]>
  </system-out>
</testsuite> <!-- Practice.BMAMAnnotation -->
