<?xml version="1.0" encoding="UTF-8"?>
<!-- Generated by org.testng.reporters.JUnitReportReporter -->
<testsuite hostname="DESKTOP-TQ9MDSJ" failures="0" tests="1" name="BasicOfTestNG.AssertTrueFalse" time="12.373" errors="0" timestamp="2023-11-04T15:01:25 IST" skipped="0">
  <testcase classname="BasicOfTestNG.AssertTrueFalse" name="vtigercrm" time="12.373"/>
</testsuite> <!-- BasicOfTestNG.AssertTrueFalse -->
