<?xml version="1.0" encoding="UTF-8"?>
<!-- Generated by org.testng.reporters.JUnitReportReporter -->
<testsuite hostname="DESKTOP-TQ9MDSJ" failures="0" tests="1" name="POMProjBase.ContactsPOM" time="52.408" errors="0" timestamp="2023-11-22T10:16:57 IST" skipped="0">
  <testcase classname="POMProjBase.ContactsPOM" name="signin" time="52.408">
    <system-out>
      <![CDATA[Clicking on menu & selecting contacts option
Firstname is entered with title
Lastname is entered
Assigining to the group
saving the contact]]>
    </system-out>
  </testcase> <!-- signin -->
  <system-out>
    <![CDATA[Connect to the database
Clicking on menu & selecting contacts option
Firstname is entered with title
Lastname is entered
Assigining to the group
saving the contact
Disconnect to the database]]>
  </system-out>
</testsuite> <!-- POMProjBase.ContactsPOM -->
