<?xml version="1.0" encoding="UTF-8"?>
<!-- Generated by org.testng.reporters.JUnitReportReporter -->
<testsuite hostname="DESKTOP-TQ9MDSJ" failures="0" tests="4" name="BasicOfTestNG.RandomNumber" time="96.814" errors="0" timestamp="2023-11-04T14:25:43 IST" skipped="0">
  <testcase classname="BasicOfTestNG.RandomNumber" name="zomato" time="12.718"/>
  <testcase classname="BasicOfTestNG.RandomNumber" name="zomato" time="19.875"/>
  <testcase classname="BasicOfTestNG.RandomNumber" name="instagram" time="60.016"/>
  <testcase classname="BasicOfTestNG.RandomNumber" name="facebook" time="4.205"/>
</testsuite> <!-- BasicOfTestNG.RandomNumber -->
