<?xml version="1.0" encoding="UTF-8"?>
<!-- Generated by org.testng.reporters.JUnitReportReporter -->
<testsuite hostname="DESKTOP-TQ9MDSJ" failures="0" tests="4" name="BasicOfTestNG.RandomNumber" time="67.809" errors="0" timestamp="2023-11-20T14:11:52 IST" skipped="0">
  <testcase classname="BasicOfTestNG.RandomNumber" name="zomato" time="21.457"/>
  <testcase classname="BasicOfTestNG.RandomNumber" name="zomato" time="6.155"/>
  <testcase classname="BasicOfTestNG.RandomNumber" name="instagram" time="27.979"/>
  <testcase classname="BasicOfTestNG.RandomNumber" name="facebook" time="12.218"/>
</testsuite> <!-- BasicOfTestNG.RandomNumber -->
