<?xml version="1.0" encoding="UTF-8"?>
<!-- Generated by org.testng.reporters.JUnitReportReporter -->
<testsuite hostname="DESKTOP-TQ9MDSJ" failures="0" tests="2" name="BasicOfTestNG.ParametersAnnotation" time="30.387" errors="0" timestamp="2023-11-20T14:39:43 IST" skipped="0">
  <testcase classname="BasicOfTestNG.ParametersAnnotation" name="facebook" time="7.457"/>
  <testcase classname="BasicOfTestNG.ParametersAnnotation" name="facebook" time="22.930"/>
</testsuite> <!-- BasicOfTestNG.ParametersAnnotation -->
