<?xml version="1.0" encoding="UTF-8"?>
<!-- Generated by org.testng.reporters.JUnitReportReporter -->
<testsuite hostname="DESKTOP-TQ9MDSJ" failures="0" tests="1" name="POMProjBase.CreateContactsTestNG" time="57.977" errors="0" timestamp="2023-11-22T09:40:38 IST" skipped="0">
  <testcase classname="POMProjBase.CreateContactsTestNG" name="login" time="57.977">
    <system-out>
      <![CDATA[Clicking on menu option
Clicking on marketing option
Click on add contacts +
add contacts
title dropdown 
to search the title
firstname
lastname
dropdown for assigned to
selecting the value from dropdown
clicking on save button]]>
    </system-out>
  </testcase> <!-- login -->
  <system-out>
    <![CDATA[Connect to the database
Signing in to vtiger
Clicking on menu option
Clicking on marketing option
Click on add contacts +
add contacts
title dropdown 
to search the title
firstname
lastname
dropdown for assigned to
selecting the value from dropdown
clicking on save button
Signout from vtiger
Disconnect the database]]>
  </system-out>
</testsuite> <!-- POMProjBase.CreateContactsTestNG -->
