<?xml version="1.0" encoding="UTF-8"?>
<!-- Generated by org.testng.reporters.JUnitReportReporter -->
<testsuite hostname="DESKTOP-TQ9MDSJ" failures="0" tests="2" name="BasicOfTestNG.Annotations" time="0.005" errors="0" timestamp="2023-11-04T15:31:30 IST" skipped="0">
  <testcase classname="BasicOfTestNG.Annotations" name="Home1" time="0.001"/>
  <testcase classname="BasicOfTestNG.Annotations" name="Home" time="0.004"/>
</testsuite> <!-- BasicOfTestNG.Annotations -->
