<?xml version="1.0" encoding="UTF-8"?>
<!-- Generated by org.testng.reporters.JUnitReportReporter -->
<testsuite hostname="DESKTOP-TQ9MDSJ" failures="0" tests="1" name="POMProjBase.VtigerContacts" time="57.821" errors="0" timestamp="2023-11-21T10:51:52 IST" skipped="0">
  <testcase classname="POMProjBase.VtigerContacts" name="signin" time="57.821"/>
</testsuite> <!-- POMProjBase.VtigerContacts -->
