<?xml version="1.0" encoding="UTF-8"?>
<!-- Generated by org.testng.reporters.JUnitReportReporter -->
<testsuite hostname="DESKTOP-TQ9MDSJ" failures="0" tests="1" name="POMProjBase.CreateOrganizationTestNG" time="33.754" errors="0" timestamp="2023-11-22T10:09:56 IST" skipped="0">
  <testcase classname="POMProjBase.CreateOrganizationTestNG" name="organization" time="33.754">
    <system-out>
      <![CDATA[Clicking on menu & selecting the organization
Entering the organization name
Selecting the group for organization
Selecting the checkbox
Clicking on save button]]>
    </system-out>
  </testcase> <!-- organization -->
  <system-out>
    <![CDATA[--Connect to the database--
Clicking on menu & selecting the organization
Entering the organization name
Selecting the group for organization
Selecting the checkbox
Clicking on save button
--Disconnect to the database]]>
  </system-out>
</testsuite> <!-- POMProjBase.CreateOrganizationTestNG -->
