<?xml version="1.0" encoding="UTF-8"?>
<!-- Generated by org.testng.reporters.JUnitReportReporter -->
<testsuite hostname="DESKTOP-TQ9MDSJ" failures="0" tests="1" name="Vtiger_Adv_Selenium.CreateContact2" time="75.286" errors="0" timestamp="2023-11-20T13:33:52 IST" skipped="0">
  <testcase classname="Vtiger_Adv_Selenium.CreateContact2" name="login" time="75.286"/>
</testsuite> <!-- Vtiger_Adv_Selenium.CreateContact2 -->
