<?xml version="1.0" encoding="UTF-8"?>
<!-- Generated by org.testng.reporters.JUnitReportReporter -->
<testsuite hostname="DESKTOP-TQ9MDSJ" failures="0" tests="3" name="BasicOfTestNG.DataProviderAnnotation" time="0.010" errors="0" timestamp="2023-11-20T14:58:24 IST" skipped="0">
  <testcase classname="BasicOfTestNG.DataProviderAnnotation" name="facebook" time="0.002"/>
  <testcase classname="BasicOfTestNG.DataProviderAnnotation" name="facebook" time="0.001"/>
  <testcase classname="BasicOfTestNG.DataProviderAnnotation" name="facebook" time="0.007"/>
</testsuite> <!-- BasicOfTestNG.DataProviderAnnotation -->
