<?xml version="1.0" encoding="UTF-8"?>
<!-- Generated by org.testng.reporters.JUnitReportReporter -->
<testsuite hostname="DESKTOP-TQ9MDSJ" failures="0" tests="1" name="Practice.BCACAnnotations" time="5.427" errors="0" timestamp="2023-11-21T09:48:46 IST" skipped="0">
  <testcase classname="Practice.BCACAnnotations" name="vtiger" time="5.427"/>
  <system-out>
    <![CDATA[--Connect to the database--
--Launch the browser--
--Close the browser--
Disconnect to the database]]>
  </system-out>
</testsuite> <!-- Practice.BCACAnnotations -->
